10.1016/j.colsurfa.2025.137514	fail to download the paper.
10.1016/j.jpcs.2025.112842	fail to download the paper.
10.1016/j.jpowsour.2025.237759	fail to download the paper.
10.1016/j.jechem.2025.06.006	fail to download the paper.
10.1016/j.mseb.2025.118442	fail to download the paper.
10.1016/j.scriptamat.2025.116800	fail to download the paper.
10.1016/j.est.2025.117608	fail to download the paper.
10.1016/j.ensm.2025.104466	fail to download the paper.
10.1016/j.cej.2025.164545	fail to download the paper.
10.1016/j.jcis.2025.137537	fail to download the paper.
10.1021/acs.energyfuels.5c02545	fail to download the paper.
10.1002/sstr.202500157	fail to download the paper.
10.1021/acs.langmuir.5c02189	fail to download the paper.
10.1016/j.flatc.2025.100918	fail to download the paper.
10.1021/acs.jpclett.5c01962	fail to download the paper.
10.1002/anie.202505232	fail to download the paper.
10.1016/j.cej.2025.166436	fail to download the paper.
10.1016/j.cej.2025.166397	fail to download the paper.
10.1007/s42114-025-01380-4	fail to download the paper.
10.1002/adfm.202514035	fail to download the paper.
10.1039/d5ta02774h	fail to download the paper.
10.1002/adma.202505762	fail to download the paper.
10.1002/adfm.202511558	fail to download the paper.
10.1002/batt.202500386	fail to download the paper.
10.1039/d5ta01263e	fail to download the paper.
10.1016/j.jpowsour.2025.237839	fail to download the paper.
10.1007/s12598-025-03403-x	fail to download the paper.
10.1002/ente.202500550	fail to download the paper.
10.1002/aenm.202502592	fail to download the paper.
10.1016/j.cclet.2024.109775	fail to download the paper.
10.1021/acsenergylett.5c01343	fail to download the paper.
10.1016/j.ceramint.2025.03.292	fail to download the paper.
10.1016/j.ensm.2025.104389	fail to download the paper.
10.1021/jacs.5c06741	fail to download the paper.
10.1002/smll.202503534	fail to download the paper.
10.1021/acsaem.5c01264	fail to download the paper.
10.1016/j.jallcom.2025.181419	fail to download the paper.
10.1002/sstr.202500238	fail to download the paper.
10.1021/acsaem.5c01006	fail to download the paper.
10.1016/j.eurpolymj.2025.114016	fail to download the paper.
10.1021/jacs.5c08566	fail to download the paper.
10.1002/aenm.202501074	fail to download the paper.
10.1021/acssuschemeng.5c00933	fail to download the paper.
10.1021/acs.jpcc.5c01331	fail to download the paper.
10.7503/cjcu20240185	fail to download the paper.
10.1002/adfm.202505843	fail to download the paper.
10.1021/acsami.5c01939	fail to download the paper.
10.1016/j.solidstatesciences.2025.107889	fail to download the paper.
10.1002/adfm.202500255	fail to download the paper.
10.1002/chem.202500800	fail to download the paper.
10.1002/anie.202506036	fail to download the paper.
10.1002/adfm.202508225	fail to download the paper.
10.1002/celc.202500011	fail to download the paper.
10.1002/cssc.202500154	fail to download the paper.
10.1002/adfm.202504367	fail to download the paper.
10.1039/d5ta02390d	fail to download the paper.
10.1016/j.nanoen.2025.111083	fail to download the paper.
10.1002/smtd.202500208	fail to download the paper.
10.1002/aenm.202500776	fail to download the paper.
10.1021/acs.nanolett.5c00896	fail to download the paper.
10.1016/j.ssi.2025.116815	fail to download the paper.
10.1016/j.jcis.2025.137618	fail to download the paper.
10.1016/j.jpowsour.2025.236988	fail to download the paper.
10.1021/acsnano.5c01430	fail to download the paper.
10.1016/j.ensm.2025.104243	fail to download the paper.
10.1016/j.ensm.2025.104239	fail to download the paper.
10.1016/j.cej.2025.162144	fail to download the paper.
10.1039/d4cs01288g	fail to download the paper.
10.1007/s11426-024-2597-0	fail to download the paper.
10.1021/acs.nanolett.4c03750	fail to download the paper.
10.1016/j.jelechem.2025.119106	fail to download the paper.
10.1002/anie.202503376	fail to download the paper.
10.1021/acsaem.4c03245	fail to download the paper.
10.1016/j.est.2025.116418	fail to download the paper.
10.1016/j.jpowsour.2025.236800	fail to download the paper.
10.1016/j.cej.2025.161776	fail to download the paper.
10.3390/nano15070481	fail to download the paper.
10.1016/j.jallcom.2025.179844	fail to download the paper.
10.1002/adfm.202504228	fail to download the paper.
10.1002/smll.202502776	fail to download the paper.
10.1021/acsami.4c21918	fail to download the paper.
10.1002/app.56996	fail to download the paper.
10.1016/j.cej.2025.161692	fail to download the paper.
10.1016/j.seppur.2025.132439	fail to download the paper.
10.1021/acssuschemeng.4c08671	fail to download the paper.
10.1002/anie.202500425	fail to download the paper.
10.1021/acsami.4c18304	fail to download the paper.
10.1039/d4ee04927f	fail to download the paper.
10.1016/j.cej.2025.160818	fail to download the paper.
10.1021/acssuschemeng.4c10154	fail to download the paper.
10.1021/acsaem.4c02806	fail to download the paper.
10.1039/d4sc08624d	fail to download the paper.
10.1002/anie.202422169	fail to download the paper.
10.1016/j.ceramint.2024.12.292	fail to download the paper.
10.1021/acsapm.4c04140	fail to download the paper.
10.1021/acsapm.4c03562	fail to download the paper.
10.1021/acsaem.4c02856	fail to download the paper.
10.1002/adfm.202501870	fail to download the paper.
10.1021/acsmaterialslett.4c02153	fail to download the paper.
10.1016/j.diamond.2025.112093	fail to download the paper.
10.1016/j.mtener.2025.101830	fail to download the paper.
10.1016/j.ensm.2025.104069	fail to download the paper.
10.1002/smll.202412202	fail to download the paper.
10.1039/d4cp03655g	fail to download the paper.
10.1016/j.elecom.2025.107882	fail to download the paper.
10.1134/S0036023624603271	fail to download the paper.
10.1016/j.est.2025.115596	fail to download the paper.
10.1016/j.jechem.2024.12.043	fail to download the paper.
10.1016/j.commatsci.2025.113698	fail to download the paper.
10.1021/acs.jpcc.4c08128	fail to download the paper.
10.1002/smll.202408986	fail to download the paper.
10.1002/aenm.202404282	fail to download the paper.
10.1016/j.jcis.2024.12.229	fail to download the paper.
10.1002/eem2.12861	fail to download the paper.
10.1039/d4nj04788e	fail to download the paper.
10.1016/j.cej.2024.159156	fail to download the paper.
10.35848/1347-4065/ad9e5e	fail to download the paper.
10.1021/acsomega.4c01051	fail to download the paper.
10.1016/j.est.2024.115129	fail to download the paper.
10.1007/s10118-025-3260-7	fail to download the paper.
10.1021/acsenergylett.4c03066	fail to download the paper.
10.1007/s11581-024-05993-5	fail to download the paper.
10.1007/s10853-024-10551-5	fail to download the paper.
10.1002/adma.202414195	fail to download the paper.
10.1016/j.joule.2024.09.004	fail to download the paper.
10.1016/j.cej.2024.158397	fail to download the paper.
10.1016/j.electacta.2024.145491	fail to download the paper.
10.1039/d4ta05713a	fail to download the paper.
10.1021/acs.chemmater.4c02432	fail to download the paper.
10.1016/j.cej.2024.158154	fail to download the paper.
10.1149/1945-7111/ad9b52	fail to download the paper.
10.1002/anie.202418371	fail to download the paper.
10.1007/s41918-024-00221-0	fail to download the paper.
10.1002/batt.202400636	fail to download the paper.
10.1039/d4dt02256d	fail to download the paper.
10.1002/anie.202417450	fail to download the paper.
10.1016/j.jechem.2024.09.069	fail to download the paper.
10.1002/anie.202412280	fail to download the paper.
10.1088/1361-6528/ad7145	fail to download the paper.
10.1002/adfm.202416634	fail to download the paper.
10.1016/j.cej.2024.157564	fail to download the paper.
10.1016/j.polymer.2024.127798	fail to download the paper.
10.1002/adfm.202417457	fail to download the paper.
10.1002/anie.202415644	fail to download the paper.
10.1016/j.jpowsour.2024.235711	fail to download the paper.
10.1016/j.cej.2024.156790	fail to download the paper.
10.1039/d4qi02372b	fail to download the paper.
10.1016/j.cej.2024.157218	fail to download the paper.
10.1016/j.apsusc.2024.161636	fail to download the paper.
10.1002/cssc.202401304	fail to download the paper.
10.33961/jecst.2024.00591	fail to download the paper.
10.1039/d4cp02296c	fail to download the paper.
10.3390/molecules29225311	fail to download the paper.
10.1002/anie.202413416	fail to download the paper.
10.1002/anie.202412401	fail to download the paper.
10.1002/aenm.202403188	fail to download the paper.
10.1016/j.jmst.2024.07.051	fail to download the paper.
10.1002/adfm.202414816	fail to download the paper.
10.1016/j.jcis.2024.10.024	fail to download the paper.
10.1002/aenm.202403696	fail to download the paper.
10.1002/pc.29106	fail to download the paper.
10.1021/acs.cgd.4c01030	fail to download the paper.
10.1021/acsapm.4c01523	fail to download the paper.
10.1039/d4sc02861a	fail to download the paper.
10.1016/j.jechem.2024.09.024	fail to download the paper.
10.1002/smll.202406309	fail to download the paper.
10.1002/aenm.202401968	fail to download the paper.
10.1016/j.ensm.2024.103788	fail to download the paper.
10.1039/d4nj02857k	fail to download the paper.
10.1016/j.polymer.2024.127576	fail to download the paper.
10.1038/s41467-024-50120-7	fail to download the paper.
10.1002/anie.202409193	fail to download the paper.
10.1063/5.0208785	fail to download the paper.
10.1007/s11581-024-05792-y	fail to download the paper.
10.1016/j.est.2024.113304	fail to download the paper.
10.1021/acsnano.4c05208	fail to download the paper.
10.1021/acsnano.4c08836	fail to download the paper.
10.6023/A24040141	fail to download the paper.
10.1007/s12274-024-6910-0	fail to download the paper.
10.1093/nsr/nwae219	fail to download the paper.
10.1021/acs.chemmater.4c01192	fail to download the paper.
10.1039/d4tc01736f	fail to download the paper.
10.1002/app.56049	fail to download the paper.
10.1016/j.est.2024.113020	fail to download the paper.
10.3390/ma17153846	fail to download the paper.
10.1115/1.4063429	fail to download the paper.
10.1002/advs.202405482	fail to download the paper.
10.1016/j.ensm.2024.103642	fail to download the paper.
10.1002/batt.202400132	fail to download the paper.
10.1002/batt.202400121	fail to download the paper.
10.1021/acs.inorgchem.4c00945	fail to download the paper.
10.1016/j.ensm.2024.103634	fail to download the paper.
10.1002/smll.202403660	fail to download the paper.
10.1021/acs.nanolett.4c01104	fail to download the paper.
10.1002/aenm.202400773	fail to download the paper.
10.1016/j.electacta.2024.144684	fail to download the paper.
10.1002/adma.202401625	fail to download the paper.
10.1039/d4sc02010c	fail to download the paper.
10.1002/eem2.12777	fail to download the paper.
10.1016/j.jpowsour.2024.234950	fail to download the paper.
10.1016/j.cej.2024.153104	fail to download the paper.
10.1002/smll.202311157	fail to download the paper.
10.1021/acsanm.4c02221	fail to download the paper.
10.1002/smll.202401439	fail to download the paper.
10.1002/anie.202403527	fail to download the paper.
10.3390/gels10060389	fail to download the paper.
10.1039/d4ta01913j	fail to download the paper.
10.1002/aenm.202401407	fail to download the paper.
10.1016/j.ccr.2024.215956	fail to download the paper.
10.1016/j.ensm.2024.103492	fail to download the paper.
10.1021/acsanm.4c01757	fail to download the paper.
10.1039/d4cp01079e	fail to download the paper.
10.1016/j.jece.2024.112871	fail to download the paper.
10.1016/j.cej.2024.151946	fail to download the paper.
10.1021/acs.jpclett.4c00969	fail to download the paper.
10.1016/j.apsusc.2024.160195	fail to download the paper.
10.1021/acsenergylett.4c00856	fail to download the paper.
10.1016/j.jallcom.2024.174600	fail to download the paper.
10.1016/j.jpowsour.2024.234550	fail to download the paper.
10.1016/j.jechem.2024.03.055	fail to download the paper.
10.1021/acsami.4c02031	fail to download the paper.
10.1016/j.surfin.2024.104309	fail to download the paper.
10.1002/adfm.202402065	fail to download the paper.
10.1021/acsanm.4c01121	fail to download the paper.
10.1021/acs.accounts.4c00040	fail to download the paper.
10.1002/smll.202310845	fail to download the paper.
10.1039/d4ta01234h	fail to download the paper.
10.1021/acssuschemeng.3c06945	fail to download the paper.
10.1016/j.jechem.2024.03.015	fail to download the paper.
10.1016/j.chemphys.2024.112278	fail to download the paper.
10.1016/j.sab.2024.106906	fail to download the paper.
10.1016/j.cej.2024.150586	fail to download the paper.
10.1002/cey2.511	fail to download the paper.
10.1016/j.cclet.2023.108797	fail to download the paper.
10.1016/j.cej.2024.150298	fail to download the paper.
10.1007/s11581-024-05472-x	fail to download the paper.
10.1016/j.jcis.2024.03.053	fail to download the paper.
10.1002/admi.202301067	fail to download the paper.
10.1002/anie.202401480	fail to download the paper.
10.1021/acsaem.3c03122	fail to download the paper.
10.1016/j.jechem.2024.02.004	fail to download the paper.
10.1134/S1023193524030121	fail to download the paper.
10.1016/j.jelechem.2024.118137	fail to download the paper.
10.1002/adfm.202313496	fail to download the paper.
10.1039/d3cp04706g	fail to download the paper.
10.1021/acsami.3c17570	fail to download the paper.
10.1016/j.est.2024.110977	fail to download the paper.
10.1002/anie.202317256	fail to download the paper.
10.1007/s10853-024-09434-6	fail to download the paper.
10.1016/j.jcis.2024.02.053	fail to download the paper.
10.1016/j.est.2024.110799	fail to download the paper.
10.1021/acsenergylett.3c02117	fail to download the paper.
10.1016/j.jcis.2024.01.097	fail to download the paper.
10.1016/j.ensm.2024.103201	fail to download the paper.
10.1021/acsami.3c17535	fail to download the paper.
10.1021/acsnano.3c11135	fail to download the paper.
10.1016/j.heliyon.2024.e24493	fail to download the paper.
10.1002/aenm.202303834	fail to download the paper.
10.1002/adfm.202314146	fail to download the paper.
10.1002/aenm.202303381	fail to download the paper.
10.1021/acs.langmuir.3c03307	fail to download the paper.
10.3390/batteries10010030	fail to download the paper.
10.1021/acs.jpcc.3c06455	fail to download the paper.
10.1021/acsami.3c14342	fail to download the paper.
10.1016/j.ensm.2023.103152	fail to download the paper.
10.1002/adfm.202312091	fail to download the paper.
10.1016/j.est.2023.110018	fail to download the paper.
10.1016/j.jeurceramsoc.2023.11.045	fail to download the paper.
10.1002/smll.202309918	fail to download the paper.
10.1016/j.jpowsour.2023.233884	fail to download the paper.
10.1021/acsaem.3c02248	fail to download the paper.
10.1002/batt.202300383	fail to download the paper.
10.1016/j.cej.2023.147518	fail to download the paper.
10.1002/adma.202309223	fail to download the paper.
10.1021/acsami.3c13883	fail to download the paper.
10.1016/j.apsusc.2023.158962	fail to download the paper.
10.1007/s41918-023-00191-9	fail to download the paper.
10.1016/j.nanoen.2023.108892	fail to download the paper.
10.1002/adma.202309024	fail to download the paper.
10.1016/j.ensm.2023.103073	fail to download the paper.
10.1002/adma.202307220	fail to download the paper.
10.1002/smll.202307116	fail to download the paper.
10.1002/adfm.202308617	fail to download the paper.
10.1016/j.est.2023.109594	fail to download the paper.
10.1016/j.est.2023.109712	fail to download the paper.
10.1039/d3mh01039b	fail to download the paper.
10.1002/aenm.202302825	fail to download the paper.
10.1039/d3dt02883f	fail to download the paper.
10.1016/j.cej.2023.147021	fail to download the paper.
10.1016/j.est.2023.109485	fail to download the paper.
10.1021/acsaem.3c01925	fail to download the paper.
10.1021/acsaem.3c01784	fail to download the paper.
10.1021/acsanm.3c03935	fail to download the paper.
10.1016/j.cej.2023.146580	fail to download the paper.
10.1016/j.jcis.2023.10.031	fail to download the paper.
10.1016/j.electacta.2023.143311	fail to download the paper.
10.1002/cey2.427	fail to download the paper.
10.1021/acsnano.3c06336	fail to download the paper.
10.1016/j.est.2023.109086	fail to download the paper.
10.1021/acs.jpcc.3c03997	fail to download the paper.
10.1039/d3ta03741j	fail to download the paper.
10.7536/PC221007	fail to download the paper.
10.1016/j.ensm.2023.102984	fail to download the paper.
10.1002/adfm.202307677	fail to download the paper.
10.1016/j.ensm.2023.102959	fail to download the paper.
10.1016/j.est.2023.108874	fail to download the paper.
10.1149/1945-7111/acf624	fail to download the paper.
10.1021/acsmaterialslett.3c00538	fail to download the paper.
10.1016/j.nanoen.2023.108825	fail to download the paper.
10.1021/acsnano.3c05845	fail to download the paper.
10.1039/d3ta03914e	fail to download the paper.
10.1186/s40580-023-00384-4	fail to download the paper.
10.1039/d3ta02784h	fail to download the paper.
10.1002/adfm.202305383	fail to download the paper.
10.1002/aenm.202301422	fail to download the paper.
10.1016/j.mtphys.2023.101186	fail to download the paper.
10.1016/j.ensm.2023.102909	fail to download the paper.
10.1021/acs.nanolett.3c01994	fail to download the paper.
10.1002/sstr.202300119	fail to download the paper.
10.1002/eem2.12659	fail to download the paper.
10.3390/batteries9070356	fail to download the paper.
10.3390/batteries9070344	fail to download the paper.
10.3390/inorganics11070280	fail to download the paper.
10.1016/j.jcis.2023.06.058	fail to download the paper.
10.1016/j.ceramint.2023.05.195	fail to download the paper.
10.1002/eem2.12648	fail to download the paper.
10.1007/s10008-023-05563-1	fail to download the paper.
10.1016/j.jcis.2023.06.021	fail to download the paper.
10.1016/j.molliq.2023.122236	fail to download the paper.
10.1016/j.jpowsour.2023.233260	fail to download the paper.
10.1016/j.est.2023.107547	fail to download the paper.
10.1016/j.ssi.2023.116256	fail to download the paper.
10.1039/d3ta02084c	fail to download the paper.
10.1016/j.jallcom.2023.170522	fail to download the paper.
10.1016/j.ensm.2023.102814	fail to download the paper.
10.1002/adfm.202302281	fail to download the paper.
10.1039/d3ta01500a	fail to download the paper.
10.1002/aenm.202300042	fail to download the paper.
10.1016/j.cej.2023.143377	fail to download the paper.
10.3390/batteries9050268	fail to download the paper.
10.1016/j.ijhydene.2023.01.264	fail to download the paper.
10.1021/acsenergylett.3c00324	fail to download the paper.
10.1002/adsu.202300061	fail to download the paper.
10.1039/d3ta01252b	fail to download the paper.
10.1016/j.diamond.2023.109969	fail to download the paper.
10.1002/aenm.202204054	fail to download the paper.
10.1016/j.est.2023.107400	fail to download the paper.
10.1002/adfm.202213822	fail to download the paper.
10.1016/j.jelechem.2023.117456	fail to download the paper.
10.1016/j.est.2023.107387	fail to download the paper.
10.1080/10408436.2023.2202225	fail to download the paper.
10.1021/acsaem.3c00310	fail to download the paper.
10.1016/j.ensm.2023.03.031	fail to download the paper.
10.1021/acsaem.3c00196	fail to download the paper.
10.1016/j.chemphys.2023.111911	fail to download the paper.
10.1016/j.esci.2023.100096	fail to download the paper.
10.1002/cey2.352	fail to download the paper.
10.1002/aenm.202203326	fail to download the paper.
10.1002/anie.202217709	fail to download the paper.
10.1016/j.cej.2023.141901	fail to download the paper.
10.1063/5.0128738	fail to download the paper.
10.1016/j.jcis.2023.01.065	fail to download the paper.
10.1002/anie.202213962	fail to download the paper.
10.1016/j.jallcom.2023.168870	fail to download the paper.
10.1016/j.jallcom.2023.168767	fail to download the paper.
10.1016/j.jelechem.2023.117145	fail to download the paper.
10.1002/adfm.202212005	fail to download the paper.
10.1016/j.nanoen.2023.108192	fail to download the paper.
10.1002/eem2.12559	fail to download the paper.
10.1021/acsmaterialslett.2c00999	fail to download the paper.
10.1016/j.jallcom.2022.168689	fail to download the paper.
10.55730/1300-0527.3533	fail to download the paper.
10.1021/acs.accounts.2c00644	fail to download the paper.
10.1016/j.matchemphys.2022.127221	fail to download the paper.
10.1016/j.molliq.2022.120997	fail to download the paper.
10.1002/smll.202206092	fail to download the paper.
10.1016/j.cej.2022.140820	fail to download the paper.
10.1016/j.jpowsour.2022.232476	fail to download the paper.
10.1021/acs.chemmater.2c01766	fail to download the paper.
10.1021/acsami.2c16604	fail to download the paper.
10.1016/j.jpowsour.2022.232092	fail to download the paper.
10.1039/d2cp04125a	fail to download the paper.
10.1002/batt.202200433	fail to download the paper.
10.1002/cssc.202201554	fail to download the paper.
10.1002/aenm.202202974	fail to download the paper.
10.1016/j.jpowsour.2022.232302	fail to download the paper.
10.1016/j.jelechem.2022.116937	fail to download the paper.
10.1002/app.53337	fail to download the paper.
10.1007/s12274-022-5004-0	fail to download the paper.
10.1149/1945-7111/ac9d67	fail to download the paper.
10.1016/j.jallcom.2022.167722	fail to download the paper.
10.1002/admi.202201200	fail to download the paper.
10.1021/acssuschemeng.2c03971	fail to download the paper.
10.1016/S1872-5805(22)60617-6	fail to download the paper.
10.1021/acsaem.2c02871	fail to download the paper.
10.1002/anie.202211623	fail to download the paper.
10.3390/cryst12101339	fail to download the paper.
10.3390/batteries8100187	fail to download the paper.
10.1039/d2cc04357b	fail to download the paper.
10.1002/cssc.202201561	fail to download the paper.
10.1021/acs.jpcc.2c05354	fail to download the paper.
10.1016/j.jpowsour.2022.232139	fail to download the paper.
10.1063/5.0101447	fail to download the paper.
10.1007/s12598-022-02077-z	fail to download the paper.
10.1557/s43578-022-00734-8	fail to download the paper.
10.1016/j.jpowsour.2022.232074	fail to download the paper.
10.1016/j.jallcom.2022.167056	fail to download the paper.
10.1002/smll.202203222	fail to download the paper.
10.1002/cssc.202201375	fail to download the paper.
10.1016/j.esci.2022.06.005	fail to download the paper.
10.1039/d2ta05511b	fail to download the paper.
10.1002/batt.202200263	fail to download the paper.
10.1002/adfm.202205677	fail to download the paper.
10.1016/j.nanoen.2022.107688	fail to download the paper.
10.1039/d2dt01943d	fail to download the paper.
10.1016/j.electacta.2022.140958	fail to download the paper.
10.1016/j.ssi.2022.115990	fail to download the paper.
10.1107/S2053273322092488	fail to download the paper.
10.1021/acsmaterialslett.2c00443	fail to download the paper.
10.1016/j.jelechem.2022.116560	fail to download the paper.
10.1021/acsenergylett.2c01334	fail to download the paper.
10.1021/acsaem.2c01789	fail to download the paper.
10.1016/j.ensm.2022.07.021	fail to download the paper.
10.1021/acs.iecr.2c01350	fail to download the paper.
10.1021/acsaem.2c01163	fail to download the paper.
10.3389/fchem.2022.953782	fail to download the paper.
10.1016/j.carbon.2022.06.042	fail to download the paper.
10.1021/acsami.2c06700	fail to download the paper.
10.1002/anie.202203484	fail to download the paper.
10.1021/acs.nanolett.2c01364	fail to download the paper.
10.1007/s11581-022-04640-1	fail to download the paper.
10.1021/acsaem.2c00533	fail to download the paper.
10.1038/s41560-022-01033-6	fail to download the paper.
10.1016/j.comptc.2022.113757	fail to download the paper.
10.1021/acs.chemmater.2c00435	fail to download the paper.
10.1016/j.cej.2022.137035	fail to download the paper.
10.3389/fchem.2022.924127	fail to download the paper.
10.1007/s40843-022-2034-5	fail to download the paper.
10.1016/j.ijhydene.2022.04.015	fail to download the paper.
10.1039/d2sc00946c	fail to download the paper.
10.1002/cphc.202200115	fail to download the paper.
10.1021/acsami.2c05090	fail to download the paper.
10.1002/cssc.202200543	fail to download the paper.
10.1016/j.ensm.2022.05.009	fail to download the paper.
10.1039/d2qm00045h	fail to download the paper.
10.1016/j.jpowsour.2022.231510	fail to download the paper.
10.1021/acsami.2c01586	fail to download the paper.
10.1002/adfm.202201136	fail to download the paper.
10.1002/aenm.202200615	fail to download the paper.
10.1016/j.jpowsour.2022.231451	fail to download the paper.
10.1016/j.jallcom.2022.164917	fail to download the paper.
10.1039/d2cc00690a	fail to download the paper.
10.1039/d1cp05230f	fail to download the paper.
10.3389/fchem.2022.866959	fail to download the paper.
10.1021/acsenergylett.2c00535	fail to download the paper.
10.1016/j.apsusc.2021.152236	fail to download the paper.
10.1016/j.jelechem.2022.116263	fail to download the paper.
10.1021/acsaem.1c03549	fail to download the paper.
10.1007/s12274-022-4242-5	fail to download the paper.
10.1016/j.jechem.2022.02.022	fail to download the paper.
10.1002/macp.202100407	fail to download the paper.
10.1016/j.jssc.2022.123006	fail to download the paper.
10.1016/j.cej.2022.135418	fail to download the paper.
10.1016/j.jcis.2022.02.123	fail to download the paper.
10.1039/d2cc00408a	fail to download the paper.
10.3390/ma15062034	fail to download the paper.
10.1016/j.ceramint.2021.12.148	fail to download the paper.
10.1021/acsami.1c19971	fail to download the paper.
10.1016/j.est.2021.103600	fail to download the paper.
10.1039/d1cp05390f	fail to download the paper.
10.1016/j.electacta.2022.140003	fail to download the paper.
10.1002/smll.202104876	fail to download the paper.
10.3390/cryst12020125	fail to download the paper.
10.3390/en15031162	fail to download the paper.
10.1039/d1ta10444f	fail to download the paper.
10.1002/er.7676	fail to download the paper.
10.1016/j.electacta.2021.139807	fail to download the paper.
10.1016/j.ensm.2021.11.018	fail to download the paper.
10.1016/j.coelec.2021.100921	fail to download the paper.
10.1016/j.jpowsour.2021.230962	fail to download the paper.
10.1016/j.polymer.2022.124517	fail to download the paper.
10.1002/anie.202114024	fail to download the paper.
10.1016/j.jssc.2021.122797	fail to download the paper.
10.1002/batt.202100274	fail to download the paper.
10.1021/acsaem.1c03054	fail to download the paper.
10.1002/smll.202106427	fail to download the paper.
10.1016/j.nanoen.2021.106811	fail to download the paper.
10.1039/d1se01666k	fail to download the paper.
10.1021/acsenergylett.1c02307	fail to download the paper.
10.3390/molecules26247425	fail to download the paper.
10.1021/acsami.1c15980	fail to download the paper.
10.1039/d1se01649k	fail to download the paper.
10.1039/d1cy01832a	fail to download the paper.
10.1016/j.jcis.2021.10.061	fail to download the paper.
10.1021/acsaem.1c02593	fail to download the paper.
10.1002/macp.202100325	fail to download the paper.
10.1016/j.cej.2021.132987	fail to download the paper.
10.1016/j.ijhydene.2021.08.176	fail to download the paper.
10.1039/d1ta06742g	fail to download the paper.
10.1016/j.mtchem.2021.100565	fail to download the paper.
10.1021/acs.nanolett.1c03106	fail to download the paper.
10.1016/j.ensm.2021.09.019	fail to download the paper.
10.1021/acsaem.1c01977	fail to download the paper.
10.1002/smll.202102454	fail to download the paper.
10.1016/j.jelechem.2021.115682	fail to download the paper.
10.1016/j.powtec.2021.08.083	fail to download the paper.
10.3390/nano11092391	fail to download the paper.
10.1016/j.electacta.2021.139042	fail to download the paper.
10.1103/PhysRevMaterials.5.085402	fail to download the paper.
10.1039/d1cs00450f	fail to download the paper.
10.1016/j.cej.2021.131100	fail to download the paper.
10.1016/j.mtener.2021.100793	fail to download the paper.
10.1016/j.memsci.2021.119539	fail to download the paper.
10.1088/1361-6528/abd1a8	fail to download the paper.
10.1016/j.jechem.2020.08.0192095-4956/	fail to download the paper.
10.14447/jnmes.v24i1.a01	fail to download the paper.
10.1149/1945-7111/abebf9	fail to download the paper.
10.1002/ente.202000879	fail to download the paper.
10.1149/1945-7111/abdaff	fail to download the paper.
10.1149/1945-7111/abcc2f	fail to download the paper.
10.1021/acsami.0c12163	fail to download the paper.
10.1016/j.molliq.2020.113400	fail to download the paper.
10.1149/1945-7111/aba8b8	fail to download the paper.
10.1016/j.electacta.2019.01.039	fail to download the paper.
10.6023/A17110517	fail to download the paper.
10.6023/A15040289	fail to download the paper.
10.3724/SP.J.1037.2010.00346	fail to download the paper.
